<?xml version="1.0" encoding="UTF-8"?>
<testng-results skipped="0" failed="0" ignored="0" total="1" passed="1">
  <reporter-output>
  </reporter-output>
  <suite name="Default suite" duration-ms="7981" started-at="2017-10-30T06:53:54Z" finished-at="2017-10-30T06:54:02Z">
    <groups>
    </groups>
    <test name="Default test" duration-ms="7981" started-at="2017-10-30T06:53:54Z" finished-at="2017-10-30T06:54:02Z">
      <class name="timesheet.TestCase">
        <test-method status="PASS" signature="OpeningBroser()[pri:0, instance:timesheet.TestCase@18eed359]" name="OpeningBroser" is-config="true" duration-ms="5819" started-at="2017-10-30T12:23:54Z" finished-at="2017-10-30T12:24:00Z">
          <reporter-output>
          </reporter-output>
        </test-method> <!-- OpeningBroser -->
        <test-method status="PASS" signature="OpenSentrifugoUrl()[pri:0, instance:timesheet.TestCase@18eed359]" name="OpenSentrifugoUrl" duration-ms="2136" started-at="2017-10-30T12:24:00Z" finished-at="2017-10-30T12:24:02Z">
          <reporter-output>
          </reporter-output>
        </test-method> <!-- OpenSentrifugoUrl -->
      </class> <!-- timesheet.TestCase -->
    </test> <!-- Default test -->
  </suite> <!-- Default suite -->
</testng-results>
